<?xml version="1.0" encoding="UTF-8"?>
<!-- Generated by org.testng.reporters.JUnitReportReporter -->
<testsuite hostname="DESKTOP-529OHG0" failures="0" tests="5" name="com.sanil.LearningSelenium.SecondTest" time="46.149" errors="0" timestamp="2023-01-14T20:04:02 EST" skipped="0">
  <testcase classname="com.sanil.LearningSelenium.SecondTest" name="GOOGLE7" time="9.280"/>
  <system-out/>
  <testcase classname="com.sanil.LearningSelenium.SecondTest" name="GOOGLE9" time="8.904"/>
  <system-out/>
  <testcase classname="com.sanil.LearningSelenium.SecondTest" name="GOOGLE10" time="9.233"/>
  <system-out/>
  <testcase classname="com.sanil.LearningSelenium.SecondTest" name="GOOGLE8" time="9.317"/>
  <system-out/>
  <testcase classname="com.sanil.LearningSelenium.SecondTest" name="GOOGLE6" time="9.415"/>
  <system-out/>
</testsuite> <!-- com.sanil.LearningSelenium.SecondTest -->
