<?xml version="1.0" encoding="UTF-8"?>
<!-- Generated by org.testng.reporters.JUnitReportReporter -->
<testsuite hostname="DESKTOP-529OHG0" failures="0" tests="5" name="com.sanil.SeleniumGrid.FirstTest" time="21.534" errors="0" timestamp="2023-01-14T20:12:22 EST" skipped="0">
  <testcase classname="com.sanil.SeleniumGrid.FirstTest" name="GOOGLE5" time="3.759"/>
  <system-out/>
  <testcase classname="com.sanil.SeleniumGrid.FirstTest" name="GOOGLE1" time="8.144"/>
  <system-out/>
  <testcase classname="com.sanil.SeleniumGrid.FirstTest" name="GOOGLE2" time="2.768"/>
  <system-out/>
  <testcase classname="com.sanil.SeleniumGrid.FirstTest" name="GOOGLE4" time="2.369"/>
  <system-out/>
  <testcase classname="com.sanil.SeleniumGrid.FirstTest" name="GOOGLE3" time="4.494"/>
  <system-out/>
</testsuite> <!-- com.sanil.SeleniumGrid.FirstTest -->
