<?xml version="1.0" encoding="UTF-8"?>
<!-- Generated by org.testng.reporters.JUnitReportReporter -->
<testsuite hostname="DESKTOP-529OHG0" failures="0" tests="5" name="com.sanil.SeleniumGrid.SecondTest" time="40.302" errors="0" timestamp="2023-01-14T20:12:22 EST" skipped="0">
  <testcase classname="com.sanil.SeleniumGrid.SecondTest" name="GOOGLE9" time="8.433"/>
  <system-out/>
  <testcase classname="com.sanil.SeleniumGrid.SecondTest" name="GOOGLE8" time="7.838"/>
  <system-out/>
  <testcase classname="com.sanil.SeleniumGrid.SecondTest" name="GOOGLE6" time="7.720"/>
  <system-out/>
  <testcase classname="com.sanil.SeleniumGrid.SecondTest" name="GOOGLE7" time="8.335"/>
  <system-out/>
  <testcase classname="com.sanil.SeleniumGrid.SecondTest" name="GOOGLE10" time="7.976"/>
  <system-out/>
</testsuite> <!-- com.sanil.SeleniumGrid.SecondTest -->
