<?xml version="1.0" encoding="UTF-8"?>
<!-- Generated by org.testng.reporters.JUnitReportReporter -->
<testsuite hostname="DESKTOP-529OHG0" failures="0" tests="5" name="com.sanil.LearningSelenium.FirstTest" time="19.014" errors="0" timestamp="2023-01-14T20:04:02 EST" skipped="0">
  <testcase classname="com.sanil.LearningSelenium.FirstTest" name="GOOGLE4" time="2.202"/>
  <system-out/>
  <testcase classname="com.sanil.LearningSelenium.FirstTest" name="GOOGLE5" time="2.515"/>
  <system-out/>
  <testcase classname="com.sanil.LearningSelenium.FirstTest" name="GOOGLE3" time="4.861"/>
  <system-out/>
  <testcase classname="com.sanil.LearningSelenium.FirstTest" name="GOOGLE2" time="2.839"/>
  <system-out/>
  <testcase classname="com.sanil.LearningSelenium.FirstTest" name="GOOGLE1" time="6.597"/>
  <system-out/>
</testsuite> <!-- com.sanil.LearningSelenium.FirstTest -->
